<?xml version="1.0" encoding="UTF-8"?>
<testng-results ignored="0" total="2" passed="2" failed="0" skipped="0">
  <reporter-output>
  </reporter-output>
  <suite started-at="2024-08-27T22:40:46 IST" name="Suite" finished-at="2024-08-27T22:40:53 IST" duration-ms="6432">
    <groups>
    </groups>
    <test started-at="2024-08-27T22:40:46 IST" name="Test" finished-at="2024-08-27T22:40:53 IST" duration-ms="6432">
      <class name="testcases.LoginTest">
        <test-method is-config="true" signature="init()[pri:0, instance:testcases.LoginTest@f80945f]" started-at="2024-08-27T22:40:46 IST" name="init" finished-at="2024-08-27T22:40:49 IST" duration-ms="3008" status="PASS">
          <reporter-output>
          </reporter-output>
        </test-method> <!-- init -->
        <test-method signature="checkLogin()[pri:0, instance:testcases.LoginTest@f80945f]" started-at="2024-08-27T22:40:49 IST" name="checkLogin" finished-at="2024-08-27T22:40:50 IST" duration-ms="472" status="PASS">
          <reporter-output>
          </reporter-output>
        </test-method> <!-- checkLogin -->
        <test-method is-config="true" signature="tearDown()[pri:0, instance:testcases.LoginTest@f80945f]" started-at="2024-08-27T22:40:50 IST" name="tearDown" finished-at="2024-08-27T22:40:50 IST" duration-ms="240" status="PASS">
          <reporter-output>
          </reporter-output>
        </test-method> <!-- tearDown -->
        <test-method is-config="true" signature="init()[pri:0, instance:testcases.LoginTest@f80945f]" started-at="2024-08-27T22:40:50 IST" name="init" finished-at="2024-08-27T22:40:52 IST" duration-ms="1850" status="PASS">
          <reporter-output>
          </reporter-output>
        </test-method> <!-- init -->
        <test-method signature="invalidCredentails()[pri:0, instance:testcases.LoginTest@f80945f]" started-at="2024-08-27T22:40:52 IST" name="invalidCredentails" finished-at="2024-08-27T22:40:52 IST" duration-ms="528" status="PASS">
          <reporter-output>
          </reporter-output>
        </test-method> <!-- invalidCredentails -->
        <test-method is-config="true" signature="tearDown()[pri:0, instance:testcases.LoginTest@f80945f]" started-at="2024-08-27T22:40:52 IST" name="tearDown" finished-at="2024-08-27T22:40:53 IST" duration-ms="201" status="PASS">
          <reporter-output>
          </reporter-output>
        </test-method> <!-- tearDown -->
      </class> <!-- testcases.LoginTest -->
    </test> <!-- Test -->
  </suite> <!-- Suite -->
</testng-results>
