<?xml version="1.0" encoding="UTF-8"?>
<testng-results ignored="0" total="2" passed="2" failed="0" skipped="0">
  <reporter-output>
  </reporter-output>
  <suite started-at="2024-08-27T00:01:38 IST" name="Suite" finished-at="2024-08-27T00:01:45 IST" duration-ms="7081">
    <groups>
    </groups>
    <test started-at="2024-08-27T00:01:38 IST" name="Test" finished-at="2024-08-27T00:01:45 IST" duration-ms="7081">
      <class name="testcases.LoginTest">
        <test-method is-config="true" signature="init()[pri:0, instance:testcases.LoginTest@f80945f]" started-at="2024-08-27T00:01:38 IST" name="init" finished-at="2024-08-27T00:01:41 IST" duration-ms="3700" status="PASS">
          <reporter-output>
          </reporter-output>
        </test-method> <!-- init -->
        <test-method signature="checkLogin()[pri:0, instance:testcases.LoginTest@f80945f]" started-at="2024-08-27T00:01:41 IST" name="checkLogin" finished-at="2024-08-27T00:01:42 IST" duration-ms="627" status="PASS">
          <reporter-output>
          </reporter-output>
        </test-method> <!-- checkLogin -->
        <test-method is-config="true" signature="tearDown()[pri:0, instance:testcases.LoginTest@f80945f]" started-at="2024-08-27T00:01:42 IST" name="tearDown" finished-at="2024-08-27T00:01:42 IST" duration-ms="255" status="PASS">
          <reporter-output>
          </reporter-output>
        </test-method> <!-- tearDown -->
        <test-method is-config="true" signature="init()[pri:0, instance:testcases.LoginTest@f80945f]" started-at="2024-08-27T00:01:42 IST" name="init" finished-at="2024-08-27T00:01:44 IST" duration-ms="1749" status="PASS">
          <reporter-output>
          </reporter-output>
        </test-method> <!-- init -->
        <test-method signature="invalidCredentails()[pri:0, instance:testcases.LoginTest@f80945f]" started-at="2024-08-27T00:01:44 IST" name="invalidCredentails" finished-at="2024-08-27T00:01:44 IST" duration-ms="438" status="PASS">
          <reporter-output>
          </reporter-output>
        </test-method> <!-- invalidCredentails -->
        <test-method is-config="true" signature="tearDown()[pri:0, instance:testcases.LoginTest@f80945f]" started-at="2024-08-27T00:01:44 IST" name="tearDown" finished-at="2024-08-27T00:01:45 IST" duration-ms="220" status="PASS">
          <reporter-output>
          </reporter-output>
        </test-method> <!-- tearDown -->
      </class> <!-- testcases.LoginTest -->
    </test> <!-- Test -->
  </suite> <!-- Suite -->
</testng-results>
